<?xml version="1.0" encoding="UTF-8"?>
<testsuite name="mx.unam.iimas.mcic.VoteContractTest$AssetUpdates" tests="2" skipped="0" failures="0" errors="0" timestamp="2021-12-09T06:51:48" hostname="VICTORSPECTRE" time="0.01">
  <properties/>
  <testcase name="updateExisting()" classname="mx.unam.iimas.mcic.VoteContractTest$AssetUpdates" time="0.005"/>
  <testcase name="updateMissing()" classname="mx.unam.iimas.mcic.VoteContractTest$AssetUpdates" time="0.002"/>
  <system-out><![CDATA[]]></system-out>
  <system-err><![CDATA[]]></system-err>
</testsuite>
