<?xml version="1.0" encoding="UTF-8"?>
<testsuite name="mx.unam.iimas.mcic.VoteContractTest" tests="2" skipped="0" failures="0" errors="0" timestamp="2021-12-09T06:51:48" hostname="VICTORSPECTRE" time="0.058">
  <properties/>
  <testcase name="assetDelete()" classname="mx.unam.iimas.mcic.VoteContractTest" time="0.054"/>
  <testcase name="assetRead()" classname="mx.unam.iimas.mcic.VoteContractTest" time="0.002"/>
  <system-out><![CDATA[]]></system-out>
  <system-err><![CDATA[]]></system-err>
</testsuite>
