<?xml version="1.0" encoding="UTF-8"?>
<testsuite name="mx.unam.iimas.mcic.VoteContractTest$AssetExists" tests="3" skipped="0" failures="0" errors="0" timestamp="2021-12-09T06:51:48" hostname="VICTORSPECTRE" time="0.012">
  <properties/>
  <testcase name="noProperAsset()" classname="mx.unam.iimas.mcic.VoteContractTest$AssetExists" time="0.003"/>
  <testcase name="noKey()" classname="mx.unam.iimas.mcic.VoteContractTest$AssetExists" time="0.004"/>
  <testcase name="assetExists()" classname="mx.unam.iimas.mcic.VoteContractTest$AssetExists" time="0.002"/>
  <system-out><![CDATA[]]></system-out>
  <system-err><![CDATA[]]></system-err>
</testsuite>
